This file contains any messages produced by compilers while
running configure, to aid debugging if configure makes a mistake.

It was created by configure, which was
generated by GNU Autoconf 2.68.  Invocation command line was

  $ .\configure 

## --------- ##
## Platform. ##
## --------- ##

hostname = phoenix2
uname -m = i686
uname -r = 1.0.17(0.48/3/2)
uname -s = MINGW32_NT-6.1
uname -v = 2011-04-24 23:39

/usr/bin/uname -p = unknown
/bin/uname -X     = unknown

/bin/arch              = unknown
/usr/bin/arch -k       = unknown
/usr/convex/getsysinfo = unknown
/usr/bin/hostinfo      = unknown
/bin/machine           = unknown
/usr/bin/oslevel       = unknown
/bin/universe          = unknown

PATH: /c/Program Files (x86)/Microsoft F#/v4.0/
PATH: /c/Program Files (x86)/Microsoft Visual Studio 10.0/VSTSDB/Deploy
PATH: /c/Program Files (x86)/Microsoft Visual Studio 10.0/Common7/IDE/
PATH: /c/Program Files (x86)/Microsoft Visual Studio 10.0/VC/BIN
PATH: /c/Program Files (x86)/Microsoft Visual Studio 10.0/Common7/Tools
PATH: /c/Windows/Microsoft.NET/Framework/v4.0.30319
PATH: /c/Windows/Microsoft.NET/Framework/v3.5
PATH: /c/Program Files (x86)/Microsoft Visual Studio 10.0/VC/VCPackages
PATH: /c/Program Files (x86)/HTML Help Workshop
PATH: /c/Program Files (x86)/Microsoft SDKs/Windows/v7.0A/bin/NETFX 4.0 Tools
PATH: /c/Program Files (x86)/Microsoft SDKs/Windows/v7.0A/bin
PATH: %SystemRoot%/system32/WindowsPowerShell/v1.0/
PATH: /c/Program Files (x86)/NVIDIA Corporation/PhysX/Common
PATH: /c/Program Files/NVIDIA GPU Computing Toolkit/CUDA/v4.0/bin/
PATH: %CommonProgramFiles%/Microsoft Shared/Windows Live
PATH: /c/Program Files (x86)/MiKTeX 2.9/miktex/bin
PATH: /c/Windows/system32
PATH: /c/Windows
PATH: /c/Windows/System32/Wbem
PATH: /c/Windows/System32/WindowsPowerShell/v1.0/
PATH: /c/Program Files (x86)/ATI Technologies/ATI.ACE/Core-Static
PATH: /c/Program Files (x86)/Microsoft SQL Server/90/Tools/binn/
PATH: /c/Program Files/Microsoft Windows Performance Toolkit/
PATH: /c/Program Files/Intel/DMIX
PATH: /c/ProgramData/NVIDIA Corporation/NVIDIA GPU Computing SDK 4.0/C/common/bin
PATH: /mingw/bin
PATH: /usr/bin
PATH: /c/Program Files (x86)/Nmap
PATH:  C
PATH: /Users/aws4y/bin


## ----------- ##
## Core tests. ##
## ----------- ##

configure:2125: checking for uname
configure:2141: found /usr/bin/uname
configure:2153: result: 1
configure:2176: checking for cc
configure:2192: found /mingw/bin/cc
configure:2203: result: cc
configure:2519: checking for C compiler version
configure:2528: cc --version >&5
cc.exe (GCC) 4.6.2
Copyright (C) 2011 Free Software Foundation, Inc.
This is free software; see the source for copying conditions.  There is NO
warranty; not even for MERCHANTABILITY or FITNESS FOR A PARTICULAR PURPOSE.

configure:2539: $? = 0
configure:2528: cc -v >&5
Using built-in specs.
COLLECT_GCC=D:\MinGW\bin\cc.exe
COLLECT_LTO_WRAPPER=d:/mingw/bin/../libexec/gcc/mingw32/4.6.2/lto-wrapper.exe
Target: mingw32
Configured with: ../gcc-4.6.2/configure --enable-languages=c,c++,ada,fortran,objc,obj-c++ --disable-sjlj-exceptions --with-dwarf2 --enable-shared --enable-libgomp --disable-win32-registry --enable-libstdcxx-debug --enable-version-specific-runtime-libs --build=mingw32 --prefix=/mingw
Thread model: win32
gcc version 4.6.2 (GCC) 
configure:2539: $? = 0
configure:2528: cc -V >&5
cc.exe: error: unrecognized option '-V'
cc.exe: fatal error: no input files
compilation terminated.
configure:2539: $? = 1
configure:2528: cc -qversion >&5
cc.exe: error: unrecognized option '-qversion'
cc.exe: fatal error: no input files
compilation terminated.
configure:2539: $? = 1
configure:2559: checking whether the C compiler works
configure:2581: cc    conftest.c  >&5
configure:2585: $? = 0
configure:2633: result: yes
configure:2636: checking for C compiler default output file name
configure:2638: result: a.exe
configure:2644: checking for suffix of executables
configure:2651: cc -o conftest.exe    conftest.c  >&5
configure:2655: $? = 0
configure:2677: result: .exe
configure:2699: checking whether we are cross compiling
configure:2707: cc -o conftest.exe    conftest.c  >&5
configure:2711: $? = 0
configure:2718: ./conftest.exe
 - Cannot openconfigure:2722: $? = 1
configure:2729: error: in `/c/Users/aws4y/Documents/GitHub/Warp/cfitsio/build-mingw':
configure:2731: error: cannot run C compiled programs.
If you meant to cross compile, use `--host'.
See `config.log' for more details

## ---------------- ##
## Cache variables. ##
## ---------------- ##

ac_cv_env_build_alias_set=
ac_cv_env_build_alias_value=
ac_cv_env_CC_set=
ac_cv_env_CC_value=
ac_cv_env_CFLAGS_set=
ac_cv_env_CFLAGS_value=
ac_cv_env_CPP_set=
ac_cv_env_CPP_value=
ac_cv_env_CPPFLAGS_set=
ac_cv_env_CPPFLAGS_value=
ac_cv_env_host_alias_set=
ac_cv_env_host_alias_value=
ac_cv_env_LDFLAGS_set=
ac_cv_env_LDFLAGS_value=
ac_cv_env_LIBS_set=
ac_cv_env_LIBS_value=
ac_cv_env_target_alias_set=
ac_cv_env_target_alias_value=
ac_cv_exeext=.exe
ac_cv_prog_CC=cc
ac_cv_prog_uname_found=1

## ----------------- ##
## Output variables. ##
## ----------------- ##

ac_ct_CC=''
ARCH=''
bindir='${exec_prefix}/bin'
build_alias=''
CC='cc'
CFLAGS=''
CPP=''
CPPFLAGS=''
datadir='${datarootdir}'
datarootdir='${prefix}/share'
DEFS=''
docdir='${datarootdir}/doc/${PACKAGE}'
dvidir='${docdir}'
ECHO_C=''
ECHO_N='-n'
ECHO_T=''
EGREP=''
exec_prefix='NONE'
EXEEXT='.exe'
F77_WRAPPERS=''
FC=''
GCCVERSION=''
GREP=''
host_alias=''
htmldir='${docdir}'
includedir='${prefix}/include'
infodir='${datarootdir}/info'
INSTALL_ROOT='${prefix}'
LDFLAGS=''
libdir='${exec_prefix}/lib'
libexecdir='${exec_prefix}/libexec'
LIBOBJS=''
LIBPRE=''
LIBS=''
localedir='${datarootdir}/locale'
localstatedir='${prefix}/var'
LTLIBOBJS=''
mandir='${datarootdir}/man'
my_shmem=''
OBJEXT=''
oldincludedir='/usr/include'
PACKAGE_BUGREPORT=''
PACKAGE_NAME=''
PACKAGE_STRING=''
PACKAGE_TARNAME=''
PACKAGE_URL=''
PACKAGE_VERSION=''
PATH_SEPARATOR=':'
pdfdir='${docdir}'
prefix='NONE'
program_transform_name='s,x,x,'
psdir='${docdir}'
RANLIB=''
sbindir='${exec_prefix}/sbin'
sharedstatedir='${prefix}/com'
SHELL='/bin/sh'
SHLIB_LD=''
SHLIB_SUFFIX=''
SSE_FLAGS=''
sysconfdir='${prefix}/etc'
target_alias=''
uname_found='1'

## ----------- ##
## confdefs.h. ##
## ----------- ##

/* confdefs.h */
#define PACKAGE_NAME ""
#define PACKAGE_TARNAME ""
#define PACKAGE_VERSION ""
#define PACKAGE_STRING ""
#define PACKAGE_BUGREPORT ""
#define PACKAGE_URL ""

configure: exit 1
