  main.cpp
  matrix.cpp
  pointset.cpp
c:\users\aws4y\documents\github\warp\linear-least-squares\linear-least-squares\pointset.cpp(32): warning C4018: '<': signed/unsigned mismatch
c:\users\aws4y\documents\github\warp\linear-least-squares\linear-least-squares\pointset.cpp(53): warning C4018: '<': signed/unsigned mismatch
c:\users\aws4y\documents\github\warp\linear-least-squares\linear-least-squares\pointset.cpp(86): warning C4018: '<': signed/unsigned mismatch
c:\users\aws4y\documents\github\warp\linear-least-squares\linear-least-squares\pointset.cpp(165): warning C4018: '<': signed/unsigned mismatch
c:\users\aws4y\documents\github\warp\linear-least-squares\linear-least-squares\pointset.cpp(187): warning C4018: '<': signed/unsigned mismatch
c:\users\aws4y\documents\github\warp\linear-least-squares\linear-least-squares\pointset.cpp(196): warning C4018: '<': signed/unsigned mismatch
  poly.cpp
c:\users\aws4y\documents\github\warp\linear-least-squares\linear-least-squares\poly.cpp(23): warning C4018: '<': signed/unsigned mismatch
c:\users\aws4y\documents\github\warp\linear-least-squares\linear-least-squares\poly.cpp(31): warning C4018: '<': signed/unsigned mismatch
c:\users\aws4y\documents\github\warp\linear-least-squares\linear-least-squares\poly.cpp(40): warning C4018: '<': signed/unsigned mismatch
c:\users\aws4y\documents\github\warp\linear-least-squares\linear-least-squares\poly.cpp(60): warning C4018: '<': signed/unsigned mismatch
c:\users\aws4y\documents\github\warp\linear-least-squares\linear-least-squares\poly.cpp(62): warning C4018: '<': signed/unsigned mismatch
c:\users\aws4y\documents\github\warp\linear-least-squares\linear-least-squares\poly.cpp(80): warning C4018: '<': signed/unsigned mismatch
c:\users\aws4y\documents\github\warp\linear-least-squares\linear-least-squares\poly.cpp(94): warning C4018: '<': signed/unsigned mismatch
c:\users\aws4y\documents\github\warp\linear-least-squares\linear-least-squares\poly.cpp(102): warning C4018: '<': signed/unsigned mismatch
  Stats.cpp
  Generating Code...
  linear-least-squares.vcxproj -> C:\Users\aws4y\Documents\GitHub\Warp\linear-least-squares\Debug\linear-least-squares.exe
