c:\users\aaron\documents\github\warp\linear-least-squares\linear-least-squares\debug\vc120.pdb
c:\users\aaron\documents\github\warp\linear-least-squares\linear-least-squares\debug\vc120.idb
c:\users\aaron\documents\github\warp\linear-least-squares\linear-least-squares\debug\main.obj
c:\users\aaron\documents\github\warp\linear-least-squares\linear-least-squares\debug\matrix.obj
c:\users\aaron\documents\github\warp\linear-least-squares\debug\linear-least-squares.pdb
c:\users\aaron\documents\github\warp\linear-least-squares\linear-least-squares\debug\linear-l.45f9b109.tlog\cl.command.1.tlog
c:\users\aaron\documents\github\warp\linear-least-squares\linear-least-squares\debug\linear-l.45f9b109.tlog\cl.read.1.tlog
c:\users\aaron\documents\github\warp\linear-least-squares\linear-least-squares\debug\linear-l.45f9b109.tlog\cl.write.1.tlog
c:\users\aaron\documents\github\warp\linear-least-squares\linear-least-squares\debug\linear-l.45f9b109.tlog\link-cvtres.read.1.tlog
c:\users\aaron\documents\github\warp\linear-least-squares\linear-least-squares\debug\linear-l.45f9b109.tlog\link-cvtres.write.1.tlog
c:\users\aaron\documents\github\warp\linear-least-squares\linear-least-squares\debug\linear-l.45f9b109.tlog\link-rc.read.1.tlog
c:\users\aaron\documents\github\warp\linear-least-squares\linear-least-squares\debug\linear-l.45f9b109.tlog\link-rc.write.1.tlog
c:\users\aaron\documents\github\warp\linear-least-squares\linear-least-squares\debug\linear-l.45f9b109.tlog\link.36944-cvtres.read.1.tlog
c:\users\aaron\documents\github\warp\linear-least-squares\linear-least-squares\debug\linear-l.45f9b109.tlog\link.36944-cvtres.write.1.tlog
c:\users\aaron\documents\github\warp\linear-least-squares\linear-least-squares\debug\linear-l.45f9b109.tlog\link.36944-rc.read.1.tlog
c:\users\aaron\documents\github\warp\linear-least-squares\linear-least-squares\debug\linear-l.45f9b109.tlog\link.36944-rc.write.1.tlog
c:\users\aaron\documents\github\warp\linear-least-squares\linear-least-squares\debug\linear-l.45f9b109.tlog\link.36944.read.1.tlog
c:\users\aaron\documents\github\warp\linear-least-squares\linear-least-squares\debug\linear-l.45f9b109.tlog\link.36944.write.1.tlog
c:\users\aaron\documents\github\warp\linear-least-squares\linear-least-squares\debug\linear-l.45f9b109.tlog\link.command.1.tlog
c:\users\aaron\documents\github\warp\linear-least-squares\linear-least-squares\debug\linear-l.45f9b109.tlog\link.read.1.tlog
c:\users\aaron\documents\github\warp\linear-least-squares\linear-least-squares\debug\linear-l.45f9b109.tlog\link.write.1.tlog
