C:\USERS\AWS4Y\DOCUMENTS\GITHUB\WARP\PSF1\PSF1\X64\DEBUG\MAIN.OBJ
C:\USERS\AWS4Y\DOCUMENTS\GITHUB\WARP\PSF1\PSF1\X64\DEBUG\VC100.PDB
C:\USERS\AWS4Y\DOCUMENTS\GITHUB\WARP\PSF1\PSF1\X64\DEBUG\STATS.OBJ
C:\USERS\AARON\DOCUMENTS\GITHUB\WARP\PSF1\PSF1\X64\DEBUG\MAIN.OBJ
C:\USERS\AARON\DOCUMENTS\GITHUB\WARP\PSF1\PSF1\X64\DEBUG\STATS.OBJ
C:\USERS\AARON\DOCUMENTS\GITHUB\WARP\PSF1\PSF1\X64\DEBUG\VC110.PDB
C:\USERS\AWS4Y\DOCUMENTS\GITHUB\WARP\PSF1\X64\DEBUG\PSF1.ILK
C:\USERS\AWS4Y\DOCUMENTS\GITHUB\WARP\PSF1\X64\DEBUG\PSF1.EXE
C:\USERS\AWS4Y\DOCUMENTS\GITHUB\WARP\PSF1\PSF1\X64\DEBUG\PSF1.EXE.INTERMEDIATE.MANIFEST
C:\USERS\AWS4Y\DOCUMENTS\GITHUB\WARP\PSF1\X64\DEBUG\PSF1.PDB
C:\USERS\AWS4Y\DOCUMENTS\GITHUB\WARP\PSF1\PSF1\X64\DEBUG\PSF1.EXE.EMBED.MANIFEST
C:\USERS\AWS4Y\DOCUMENTS\GITHUB\WARP\PSF1\PSF1\X64\DEBUG\PSF1.EXE.EMBED.MANIFEST.RES
C:\Users\Aaron\Documents\GitHub\Warp\PSF1\PSF1\x64\Debug\main.obj
C:\Users\Aaron\Documents\GitHub\Warp\PSF1\PSF1\x64\Debug\stats.obj
C:\Users\Aaron\Documents\GitHub\Warp\PSF1\PSF1\x64\Debug\cl.command.1.tlog
C:\Users\Aaron\Documents\GitHub\Warp\PSF1\PSF1\x64\Debug\CL.read.1.tlog
C:\Users\Aaron\Documents\GitHub\Warp\PSF1\PSF1\x64\Debug\CL.write.1.tlog
C:\Users\Aaron\Documents\GitHub\Warp\PSF1\PSF1\x64\Debug\link-cvtres.read.1.tlog
C:\Users\Aaron\Documents\GitHub\Warp\PSF1\PSF1\x64\Debug\link-cvtres.write.1.tlog
C:\Users\Aaron\Documents\GitHub\Warp\PSF1\PSF1\x64\Debug\link-rc.read.1.tlog
C:\Users\Aaron\Documents\GitHub\Warp\PSF1\PSF1\x64\Debug\link-rc.write.1.tlog
C:\Users\Aaron\Documents\GitHub\Warp\PSF1\PSF1\x64\Debug\link.11068-cvtres.read.1.tlog
C:\Users\Aaron\Documents\GitHub\Warp\PSF1\PSF1\x64\Debug\link.11068-cvtres.write.1.tlog
C:\Users\Aaron\Documents\GitHub\Warp\PSF1\PSF1\x64\Debug\link.11068.read.1.tlog
C:\Users\Aaron\Documents\GitHub\Warp\PSF1\PSF1\x64\Debug\link.11068.write.1.tlog
C:\Users\Aaron\Documents\GitHub\Warp\PSF1\PSF1\x64\Debug\link.13424-cvtres.read.1.tlog
C:\Users\Aaron\Documents\GitHub\Warp\PSF1\PSF1\x64\Debug\link.13424-cvtres.write.1.tlog
C:\Users\Aaron\Documents\GitHub\Warp\PSF1\PSF1\x64\Debug\link.13424.read.1.tlog
C:\Users\Aaron\Documents\GitHub\Warp\PSF1\PSF1\x64\Debug\link.13424.write.1.tlog
C:\Users\Aaron\Documents\GitHub\Warp\PSF1\PSF1\x64\Debug\link.8256-cvtres.read.1.tlog
C:\Users\Aaron\Documents\GitHub\Warp\PSF1\PSF1\x64\Debug\link.8256-cvtres.write.1.tlog
C:\Users\Aaron\Documents\GitHub\Warp\PSF1\PSF1\x64\Debug\link.8256.read.1.tlog
C:\Users\Aaron\Documents\GitHub\Warp\PSF1\PSF1\x64\Debug\link.8256.write.1.tlog
C:\Users\Aaron\Documents\GitHub\Warp\PSF1\PSF1\x64\Debug\link.9492-cvtres.read.1.tlog
C:\Users\Aaron\Documents\GitHub\Warp\PSF1\PSF1\x64\Debug\link.9492-cvtres.write.1.tlog
C:\Users\Aaron\Documents\GitHub\Warp\PSF1\PSF1\x64\Debug\link.9492.read.1.tlog
C:\Users\Aaron\Documents\GitHub\Warp\PSF1\PSF1\x64\Debug\link.9492.write.1.tlog
C:\Users\Aaron\Documents\GitHub\Warp\PSF1\PSF1\x64\Debug\link.command.1.tlog
C:\Users\Aaron\Documents\GitHub\Warp\PSF1\PSF1\x64\Debug\link.read.1.tlog
C:\Users\Aaron\Documents\GitHub\Warp\PSF1\PSF1\x64\Debug\link.write.1.tlog
C:\Users\Aaron\Documents\GitHub\Warp\PSF1\PSF1\x64\Debug\mt.command.1.tlog
C:\Users\Aaron\Documents\GitHub\Warp\PSF1\PSF1\x64\Debug\mt.read.1.tlog
C:\Users\Aaron\Documents\GitHub\Warp\PSF1\PSF1\x64\Debug\mt.write.1.tlog
C:\Users\Aaron\Documents\GitHub\Warp\PSF1\PSF1\x64\Debug\rc.command.1.tlog
C:\Users\Aaron\Documents\GitHub\Warp\PSF1\PSF1\x64\Debug\rc.read.1.tlog
C:\Users\Aaron\Documents\GitHub\Warp\PSF1\PSF1\x64\Debug\rc.write.1.tlog
C:\Users\Aaron\Documents\GitHub\Warp\PSF1\PSF1\x64\Debug\PSF1.exe.embed.manifest
C:\Users\Aaron\Documents\GitHub\Warp\PSF1\PSF1\x64\Debug\PSF1.exe.intermediate.manifest
C:\Users\Aaron\Documents\GitHub\Warp\PSF1\PSF1\x64\Debug\PSF1.exe.embed.manifest.res
C:\Users\Aaron\Documents\GitHub\Warp\PSF1\PSF1\x64\Debug\vc100.idb
C:\Users\Aaron\Documents\GitHub\Warp\PSF1\PSF1\x64\Debug\vc110.idb
C:\Users\Aaron\Documents\GitHub\Warp\PSF1\PSF1\x64\Debug\vc100.pdb
C:\Users\Aaron\Documents\GitHub\Warp\PSF1\PSF1\x64\Debug\vc110.pdb
C:\Users\Aaron\Documents\GitHub\Warp\PSF1\PSF1\x64\Debug\PSF1_manifest.rc
C:\Users\Aaron\Documents\GitHub\Warp\PSF1\x64\Debug\PSF1.pdb
